<?xml version="1.0" encoding="UTF-8"?>
<testsuite name="cn.bobdeng.base.UserPasswordTest" tests="4" skipped="0" failures="0" errors="0" timestamp="2022-02-23T08:28:55" hostname="dengzhiguodeMacBook-Pro.local" time="0.363">
  <properties/>
  <testcase name="save_password_when_has_password()" classname="cn.bobdeng.base.UserPasswordTest" time="0.356"/>
  <testcase name="should_fail_when_verify_password_and_no_password()" classname="cn.bobdeng.base.UserPasswordTest" time="0.001"/>
  <testcase name="save_password_when_no_password()" classname="cn.bobdeng.base.UserPasswordTest" time="0.002"/>
  <testcase name="should_success_when_verify_success()" classname="cn.bobdeng.base.UserPasswordTest" time="0.001"/>
  <system-out><![CDATA[]]></system-out>
  <system-err><![CDATA[]]></system-err>
</testsuite>
