<?xml version="1.0" encoding="UTF-8"?>
<testsuite name="cn.bobdeng.base.UserPasswordTest" tests="2" skipped="0" failures="0" errors="0" timestamp="2022-02-23T08:13:25" hostname="dengzhiguodeMacBook-Pro.local" time="0.422">
  <properties/>
  <testcase name="save_password_when_has_password()" classname="cn.bobdeng.base.UserPasswordTest" time="0.417"/>
  <testcase name="save_password_when_no_password()" classname="cn.bobdeng.base.UserPasswordTest" time="0.003"/>
  <system-out><![CDATA[]]></system-out>
  <system-err><![CDATA[]]></system-err>
</testsuite>
